<?xml version="1.0" encoding="UTF-8"?>
<!-- Generated by org.testng.reporters.JUnitXMLReporter -->
<testsuite hostname="Sushma" name="groupcontact" tests="2" failures="0" timestamp="1 Sep 2016 11:08:51 GMT" time="0.039" errors="0">
  <testcase name="@BeforeMethod login" time="0.0" classname="groups.Createcontact">
    <failure type="org.testng.TestNGException" message="
Parameter &amp;apos;url&amp;apos; is required by @Configuration on method login but has not been marked @Optional or defined
in C:\Selenium\SelAug\test2.xml">
      <![CDATA[org.testng.TestNGException: 
Parameter 'url' is required by @Configuration on method login but has not been marked @Optional or defined
in C:\Selenium\SelAug\test2.xml
... Removed 23 stack frames]]>
    </failure>
  </testcase> <!-- @BeforeMethod login -->
  <testcase name="@AfterMethod close" time="0.0" classname="groups.Createcontact">
    <skipped/>
  </testcase> <!-- @AfterMethod close -->
  <testcase name="@BeforeMethod login" time="0.0" classname="groups.Createcontact">
    <skipped/>
  </testcase> <!-- @BeforeMethod login -->
  <testcase name="@AfterMethod close" time="0.0" classname="groups.Createcontact">
    <skipped/>
  </testcase> <!-- @AfterMethod close -->
  <testcase name="createContact" time="0.006" classname="groups.Createcontact">
    <skipped/>
  </testcase> <!-- createContact -->
  <testcase name="createContact" time="0.0" classname="groups.Createcontact">
    <skipped/>
  </testcase> <!-- createContact -->
</testsuite> <!-- groupcontact -->
