<?xml version="1.0" encoding="UTF-8"?>
<!-- Generated by org.testng.reporters.JUnitXMLReporter -->
<testsuite hostname="Sushma" name="groups" tests="3" failures="0" timestamp="1 Sep 2016 11:21:07 GMT" time="0.039" errors="0">
  <testcase name="mergecontact" time="0.012" classname="groups.Mergecontact"/>
  <testcase name="Deletecontact" time="0.001" classname="groups.DeleteContact"/>
  <testcase name="Deletecontact" time="0.002" classname="groups.DeleteContact"/>
</testsuite> <!-- groups -->
