<?xml version="1.0" encoding="UTF-8"?>
<!-- Generated by org.testng.reporters.JUnitXMLReporter -->
<testsuite hostname="Sushma" name="leads" tests="5" failures="0" timestamp="29 Aug 2016 06:19:29 GMT" time="0.035" errors="0">
  <testcase name="Leadcreate" time="0.011" classname="leads.Createlead"/>
  <testcase name="Leadcreate" time="0.0" classname="leads.Edit"/>
  <testcase name="Leadcreate" time="0.001" classname="leads.DuplicateLead"/>
  <testcase name="LeadDelete" time="0.0" classname="leads.Deletelead"/>
  <testcase name="Leadcreate" time="0.001" classname="leads.Merge"/>
</testsuite> <!-- leads -->
