<?xml version="1.0" encoding="UTF-8"?>
<testng-results skipped="3" failed="0" total="3" passed="0">
  <reporter-output>
  </reporter-output>
  <suite name="Suite" duration-ms="49992" started-at="2016-10-01T10:31:30Z" finished-at="2016-10-01T10:32:20Z">
    <groups>
    </groups>
    <test name="Test1" duration-ms="49992" started-at="2016-10-01T10:31:30Z" finished-at="2016-10-01T10:32:20Z">
      <class name="week4homework.Createlead">
        <test-method status="FAIL" signature="login(java.lang.String, java.lang.String, java.lang.String)[pri:0, instance:week4homework.Createlead@ac6e3]" name="login" is-config="true" duration-ms="0" started-at="2016-10-01T16:01:31Z" finished-at="2016-10-01T16:01:31Z">
          <params>
            <param index="0">
              <value>
                <![CDATA[http://demo1.opentaps.org]]>
              </value>
            </param>
            <param index="1">
              <value>
                <![CDATA[DemoCSR]]>
              </value>
            </param>
            <param index="2">
              <value>
                <![CDATA[crmsfa]]>
              </value>
            </param>
          </params>
          <exception class="org.openqa.selenium.NoSuchWindowException">
            <message>
              <![CDATA[no such window: target window already closed
from unknown error: web view not found
  (Session info: chrome=53.0.2785.116)
  (Driver info: chromedriver=2.23.409699 (49b0fa931cda1caad0ae15b7d1b68004acd05129),platform=Windows NT 10.0.14393 x86_64) (WARNING: The server did not provide any stacktrace information)
Command duration or timeout: 9 milliseconds
Build info: version: '2.53.0', revision: '35ae25b1534ae328c771e0856c93e187490ca824', time: '2016-03-15 10:43:46'
System info: host: 'Sushma', ip: '192.168.1.5', os.name: 'Windows 8.1', os.arch: 'x86', os.version: '6.3', java.version: '1.8.0'
Driver info: org.openqa.selenium.chrome.ChromeDriver
Capabilities [{applicationCacheEnabled=false, rotatable=false, mobileEmulationEnabled=false, networkConnectionEnabled=false, chrome={chromedriverVersion=2.23.409699 (49b0fa931cda1caad0ae15b7d1b68004acd05129), userDataDir=C:\Users\Sushma.G\AppData\Local\Temp\scoped_dir6908_4242}, takesHeapSnapshot=true, databaseEnabled=false, handlesAlerts=true, hasTouchScreen=false, version=53.0.2785.116, platform=WIN8_1, browserConnectionEnabled=false, nativeEvents=true, acceptSslCerts=true, locationContextEnabled=true, webStorageEnabled=true, browserName=chrome, takesScreenshot=true, javascriptEnabled=true, cssSelectorsEnabled=true}]
Session ID: 3140da21d3628cf9850c988651137dac]]>
            </message>
            <full-stacktrace>
              <![CDATA[org.openqa.selenium.NoSuchWindowException: no such window: target window already closed
from unknown error: web view not found
  (Session info: chrome=53.0.2785.116)
  (Driver info: chromedriver=2.23.409699 (49b0fa931cda1caad0ae15b7d1b68004acd05129),platform=Windows NT 10.0.14393 x86_64) (WARNING: The server did not provide any stacktrace information)
Command duration or timeout: 9 milliseconds
Build info: version: '2.53.0', revision: '35ae25b1534ae328c771e0856c93e187490ca824', time: '2016-03-15 10:43:46'
System info: host: 'Sushma', ip: '192.168.1.5', os.name: 'Windows 8.1', os.arch: 'x86', os.version: '6.3', java.version: '1.8.0'
Driver info: org.openqa.selenium.chrome.ChromeDriver
Capabilities [{applicationCacheEnabled=false, rotatable=false, mobileEmulationEnabled=false, networkConnectionEnabled=false, chrome={chromedriverVersion=2.23.409699 (49b0fa931cda1caad0ae15b7d1b68004acd05129), userDataDir=C:\Users\Sushma.G\AppData\Local\Temp\scoped_dir6908_4242}, takesHeapSnapshot=true, databaseEnabled=false, handlesAlerts=true, hasTouchScreen=false, version=53.0.2785.116, platform=WIN8_1, browserConnectionEnabled=false, nativeEvents=true, acceptSslCerts=true, locationContextEnabled=true, webStorageEnabled=true, browserName=chrome, takesScreenshot=true, javascriptEnabled=true, cssSelectorsEnabled=true}]
Session ID: 3140da21d3628cf9850c988651137dac
	at sun.reflect.NativeConstructorAccessorImpl.newInstance0(Native Method)
	at sun.reflect.NativeConstructorAccessorImpl.newInstance(NativeConstructorAccessorImpl.java:62)
	at sun.reflect.DelegatingConstructorAccessorImpl.newInstance(DelegatingConstructorAccessorImpl.java:45)
	at java.lang.reflect.Constructor.newInstance(Constructor.java:408)
	at org.openqa.selenium.remote.ErrorHandler.createThrowable(ErrorHandler.java:206)
	at org.openqa.selenium.remote.ErrorHandler.throwIfResponseFailed(ErrorHandler.java:158)
	at org.openqa.selenium.remote.RemoteWebDriver.execute(RemoteWebDriver.java:678)
	at org.openqa.selenium.remote.RemoteWebDriver.execute(RemoteWebDriver.java:701)
	at org.openqa.selenium.remote.RemoteWebDriver.getScreenshotAs(RemoteWebDriver.java:335)
	at wrappers.GenericWrappers.takeSnap(GenericWrappers.java:195)
	at wrappers.GenericWrappers.clickByLink(GenericWrappers.java:128)
	at wrappers.Opentapswrapper.login(Opentapswrapper.java:17)
	at sun.reflect.NativeMethodAccessorImpl.invoke0(Native Method)
	at sun.reflect.NativeMethodAccessorImpl.invoke(NativeMethodAccessorImpl.java:62)
	at sun.reflect.DelegatingMethodAccessorImpl.invoke(DelegatingMethodAccessorImpl.java:43)
	at java.lang.reflect.Method.invoke(Method.java:483)
	at org.testng.internal.MethodInvocationHelper.invokeMethod(MethodInvocationHelper.java:85)
	at org.testng.internal.Invoker.invokeConfigurationMethod(Invoker.java:510)
	at org.testng.internal.Invoker.invokeConfigurations(Invoker.java:211)
	at org.testng.internal.Invoker.invokeMethod(Invoker.java:585)
	at org.testng.internal.Invoker.invokeTestMethod(Invoker.java:816)
	at org.testng.internal.Invoker.invokeTestMethods(Invoker.java:1124)
	at org.testng.internal.TestMethodWorker.invokeTestMethods(TestMethodWorker.java:124)
	at org.testng.internal.TestMethodWorker.run(TestMethodWorker.java:108)
	at java.util.concurrent.ThreadPoolExecutor.runWorker(ThreadPoolExecutor.java:1142)
	at java.util.concurrent.ThreadPoolExecutor$Worker.run(ThreadPoolExecutor.java:617)
	at java.lang.Thread.run(Thread.java:744)
]]>
            </full-stacktrace>
          </exception> <!-- org.openqa.selenium.NoSuchWindowException -->
          <reporter-output>
          </reporter-output>
        </test-method> <!-- login -->
        <test-method status="SKIP" signature="createlead()[pri:1, instance:week4homework.Createlead@ac6e3]" name="createlead" duration-ms="0" started-at="2016-10-01T16:02:20Z" finished-at="2016-10-01T16:02:20Z">
          <reporter-output>
          </reporter-output>
        </test-method> <!-- createlead -->
        <test-method status="SKIP" signature="close()[pri:0, instance:week4homework.Createlead@ac6e3]" name="close" is-config="true" duration-ms="0" started-at="2016-10-01T16:02:20Z" finished-at="2016-10-01T16:02:20Z">
          <reporter-output>
          </reporter-output>
        </test-method> <!-- close -->
        <test-method status="SKIP" signature="login(java.lang.String, java.lang.String, java.lang.String)[pri:0, instance:week4homework.Createlead@ac6e3]" name="login" is-config="true" duration-ms="0" started-at="2016-10-01T16:02:20Z" finished-at="2016-10-01T16:02:20Z">
          <reporter-output>
          </reporter-output>
        </test-method> <!-- login -->
        <test-method status="SKIP" signature="createlead()[pri:1, instance:week4homework.Createlead@ac6e3]" name="createlead" duration-ms="0" started-at="2016-10-01T16:02:20Z" finished-at="2016-10-01T16:02:20Z">
          <reporter-output>
          </reporter-output>
        </test-method> <!-- createlead -->
        <test-method status="SKIP" signature="login(java.lang.String, java.lang.String, java.lang.String)[pri:0, instance:week4homework.Createlead@ac6e3]" name="login" is-config="true" duration-ms="0" started-at="2016-10-01T16:02:20Z" finished-at="2016-10-01T16:02:20Z">
          <reporter-output>
          </reporter-output>
        </test-method> <!-- login -->
        <test-method status="SKIP" signature="close()[pri:0, instance:week4homework.Createlead@ac6e3]" name="close" is-config="true" duration-ms="0" started-at="2016-10-01T16:02:20Z" finished-at="2016-10-01T16:02:20Z">
          <reporter-output>
          </reporter-output>
        </test-method> <!-- close -->
        <test-method status="SKIP" signature="createlead()[pri:1, instance:week4homework.Createlead@ac6e3]" name="createlead" duration-ms="0" started-at="2016-10-01T16:02:20Z" finished-at="2016-10-01T16:02:20Z">
          <reporter-output>
          </reporter-output>
        </test-method> <!-- createlead -->
        <test-method status="SKIP" signature="close()[pri:0, instance:week4homework.Createlead@ac6e3]" name="close" is-config="true" duration-ms="0" started-at="2016-10-01T16:02:20Z" finished-at="2016-10-01T16:02:20Z">
          <reporter-output>
          </reporter-output>
        </test-method> <!-- close -->
      </class> <!-- week4homework.Createlead -->
    </test> <!-- Test1 -->
  </suite> <!-- Suite -->
</testng-results>

