<?xml version="1.0" encoding="UTF-8"?>
<!-- Generated by org.testng.reporters.JUnitXMLReporter -->
<testsuite hostname="Sushma" name="test" tests="4" failures="0" timestamp="29 Aug 2016 08:44:21 GMT" time="0.028" errors="0">
  <testcase name="@BeforeMethod login" time="0.0" classname="leads.Createlead">
    <failure type="org.testng.TestNGException" message="
Parameter &amp;apos;url&amp;apos; is required by @Configuration on method login but has not been marked @Optional or defined
in C:\Selenium\SelAug\testng.xml">
      <![CDATA[org.testng.TestNGException: 
Parameter 'url' is required by @Configuration on method login but has not been marked @Optional or defined
in C:\Selenium\SelAug\testng.xml
	at org.testng.internal.Parameters.createParameters(Parameters.java:148)
	at org.testng.internal.Parameters.createParameters(Parameters.java:361)
	at org.testng.internal.Parameters.createConfigurationParameters(Parameters.java:84)
	at org.testng.internal.Invoker.invokeConfigurations(Invoker.java:197)
	at org.testng.internal.Invoker.invokeMethod(Invoker.java:585)
	at org.testng.internal.Invoker.invokeTestMethod(Invoker.java:816)
	at org.testng.internal.Invoker.invokeTestMethods(Invoker.java:1124)
	at org.testng.internal.TestMethodWorker.invokeTestMethods(TestMethodWorker.java:124)
	at org.testng.internal.TestMethodWorker.run(TestMethodWorker.java:108)
	at org.testng.TestRunner.privateRun(TestRunner.java:773)
	at org.testng.TestRunner.run(TestRunner.java:623)
	at org.testng.SuiteRunner.runTest(SuiteRunner.java:359)
	at org.testng.SuiteRunner.runSequentially(SuiteRunner.java:354)
	at org.testng.SuiteRunner.privateRun(SuiteRunner.java:312)
	at org.testng.SuiteRunner.run(SuiteRunner.java:261)
	at org.testng.SuiteRunnerWorker.runSuite(SuiteRunnerWorker.java:52)
	at org.testng.SuiteRunnerWorker.run(SuiteRunnerWorker.java:86)
	at org.testng.TestNG.runSuitesSequentially(TestNG.java:1185)
	at org.testng.TestNG.runSuitesLocally(TestNG.java:1110)
	at org.testng.TestNG.run(TestNG.java:1018)
	at org.testng.remote.RemoteTestNG.run(RemoteTestNG.java:112)
	at org.testng.remote.RemoteTestNG.initAndRun(RemoteTestNG.java:205)
	at org.testng.remote.RemoteTestNG.main(RemoteTestNG.java:176)
]]>
    </failure>
  </testcase> <!-- @BeforeMethod login -->
  <testcase name="@AfterMethod closeBrowser" time="0.0" classname="leads.Createlead">
    <skipped/>
  </testcase> <!-- @AfterMethod closeBrowser -->
  <testcase name="@AfterClass afterClass" time="0.0" classname="leads.Createlead">
    <skipped/>
  </testcase> <!-- @AfterClass afterClass -->
  <testcase name="@BeforeClass beforeClass" time="0.0" classname="leads.Edit">
    <skipped/>
  </testcase> <!-- @BeforeClass beforeClass -->
  <testcase name="@BeforeMethod login" time="0.0" classname="leads.Edit">
    <skipped/>
  </testcase> <!-- @BeforeMethod login -->
  <testcase name="@AfterMethod closeBrowser" time="0.0" classname="leads.Edit">
    <skipped/>
  </testcase> <!-- @AfterMethod closeBrowser -->
  <testcase name="@AfterClass afterClass" time="0.0" classname="leads.Edit">
    <skipped/>
  </testcase> <!-- @AfterClass afterClass -->
  <testcase name="@BeforeClass beforeClass" time="0.0" classname="leads.Deletelead">
    <skipped/>
  </testcase> <!-- @BeforeClass beforeClass -->
  <testcase name="@BeforeMethod login" time="0.0" classname="leads.Deletelead">
    <skipped/>
  </testcase> <!-- @BeforeMethod login -->
  <testcase name="@AfterMethod closeBrowser" time="0.0" classname="leads.Deletelead">
    <skipped/>
  </testcase> <!-- @AfterMethod closeBrowser -->
  <testcase name="@AfterClass afterClass" time="0.0" classname="leads.Deletelead">
    <skipped/>
  </testcase> <!-- @AfterClass afterClass -->
  <testcase name="@BeforeClass beforeClass" time="0.0" classname="leads.Merge">
    <skipped/>
  </testcase> <!-- @BeforeClass beforeClass -->
  <testcase name="@BeforeMethod login" time="0.0" classname="leads.Merge">
    <skipped/>
  </testcase> <!-- @BeforeMethod login -->
  <testcase name="@AfterMethod closeBrowser" time="0.0" classname="leads.Merge">
    <skipped/>
  </testcase> <!-- @AfterMethod closeBrowser -->
  <testcase name="@AfterClass afterClass" time="0.0" classname="leads.Merge">
    <skipped/>
  </testcase> <!-- @AfterClass afterClass -->
  <testcase name="@AfterTest endReport" time="0.0" classname="leads.Createlead">
    <skipped/>
  </testcase> <!-- @AfterTest endReport -->
  <testcase name="Leadcreate" time="0.0" classname="leads.Createlead">
    <skipped/>
  </testcase> <!-- Leadcreate -->
  <testcase name="Leadcreate" time="0.0" classname="leads.Edit">
    <skipped/>
  </testcase> <!-- Leadcreate -->
  <testcase name="LeadDelete" time="0.0" classname="leads.Deletelead">
    <skipped/>
  </testcase> <!-- LeadDelete -->
  <testcase name="Leadcreate" time="0.0" classname="leads.Merge">
    <skipped/>
  </testcase> <!-- Leadcreate -->
</testsuite> <!-- test -->
